<?xml version="1.0" encoding="UTF-8"?>
<testng-results skipped="0" failed="0" ignored="0" total="1" passed="1">
  <reporter-output>
  </reporter-output>
  <suite name="Default Suite" duration-ms="2760" started-at="2018-12-18T23:08:12Z" finished-at="2018-12-18T23:08:15Z">
    <groups>
    </groups>
    <test name="sandboxAV" duration-ms="2760" started-at="2018-12-18T23:08:12Z" finished-at="2018-12-18T23:08:15Z">
      <class name="ua.av.addressbook.tests.GroupModificationTest">
        <test-method status="PASS" signature="setUp()[pri:0, instance:ua.av.addressbook.tests.GroupModificationTest@7a9273a8]" name="setUp" is-config="true" duration-ms="10328" started-at="2018-12-18T23:08:02Z" finished-at="2018-12-18T23:08:12Z">
          <reporter-output>
          </reporter-output>
        </test-method> <!-- setUp -->
        <test-method status="PASS" signature="logTestStart(java.lang.reflect.Method, [Ljava.lang.Object;)[pri:0, instance:ua.av.addressbook.tests.GroupModificationTest@7a9273a8]" name="logTestStart" is-config="true" duration-ms="3" started-at="2018-12-18T23:08:12Z" finished-at="2018-12-18T23:08:12Z">
          <params>
            <param index="0">
              <value>
                <![CDATA[public void ua.av.addressbook.tests.GroupModificationTest.testGroupModification()]]>
              </value>
            </param>
            <param index="1">
              <value>
                <![CDATA[[Ljava.lang.Object;@1220ef43]]>
              </value>
            </param>
          </params>
          <reporter-output>
          </reporter-output>
        </test-method> <!-- logTestStart -->
        <test-method status="PASS" signature="ensurePreconditions()[pri:0, instance:ua.av.addressbook.tests.GroupModificationTest@7a9273a8]" name="ensurePreconditions" is-config="true" duration-ms="436" started-at="2018-12-18T23:08:12Z" finished-at="2018-12-18T23:08:13Z">
          <reporter-output>
          </reporter-output>
        </test-method> <!-- ensurePreconditions -->
        <test-method status="PASS" signature="testGroupModification()[pri:0, instance:ua.av.addressbook.tests.GroupModificationTest@7a9273a8]" name="testGroupModification" duration-ms="2298" started-at="2018-12-18T23:08:13Z" finished-at="2018-12-18T23:08:15Z">
          <reporter-output>
          </reporter-output>
        </test-method> <!-- testGroupModification -->
        <test-method status="PASS" signature="logTestStop(java.lang.reflect.Method)[pri:0, instance:ua.av.addressbook.tests.GroupModificationTest@7a9273a8]" name="logTestStop" is-config="true" duration-ms="0" started-at="2018-12-18T23:08:15Z" finished-at="2018-12-18T23:08:15Z">
          <params>
            <param index="0">
              <value>
                <![CDATA[public void ua.av.addressbook.tests.GroupModificationTest.testGroupModification()]]>
              </value>
            </param>
          </params>
          <reporter-output>
          </reporter-output>
        </test-method> <!-- logTestStop -->
        <test-method status="PASS" signature="tearDown()[pri:0, instance:ua.av.addressbook.tests.GroupModificationTest@7a9273a8]" name="tearDown" is-config="true" duration-ms="1044" started-at="2018-12-18T23:08:15Z" finished-at="2018-12-18T23:08:16Z">
          <reporter-output>
          </reporter-output>
        </test-method> <!-- tearDown -->
      </class> <!-- ua.av.addressbook.tests.GroupModificationTest -->
    </test> <!-- sandboxAV -->
  </suite> <!-- Default Suite -->
</testng-results>
