<?xml version="1.0" encoding="UTF-8"?>
<!-- Generated by org.testng.reporters.JUnitXMLReporter -->
<testsuite hostname="uaannav" ignored="1" name="sandboxAV" tests="11" failures="0" timestamp="18 дек 2018 22:18:41 GMT" time="6.829" errors="0">
  <testcase name="testDistanceValue" time="0.042" classname="ua.av.sanndboxav.DistanceTest"/>
  <testcase name="testDistanceZero" time="0.0" classname="ua.av.sanndboxav.DistanceTest"/>
  <testcase name="test0" time="0.008" classname="ua.av.sanndboxav.EquationTest"/>
  <testcase name="test1" time="0.0" classname="ua.av.sanndboxav.EquationTest"/>
  <testcase name="test2" time="0.0" classname="ua.av.sanndboxav.EquationTest"/>
  <testcase name="testConstant" time="0.0" classname="ua.av.sanndboxav.EquationTest"/>
  <testcase name="testLiner" time="0.0" classname="ua.av.sanndboxav.EquationTest"/>
  <testcase name="testZero" time="0.0" classname="ua.av.sanndboxav.EquationTest"/>
  <testcase name="testNonPrime" time="0.0" classname="ua.av.sanndboxav.PrimeTests"/>
  <testcase name="testPrime" time="6.728" classname="ua.av.sanndboxav.PrimeTests"/>
  <testcase name="testPrimeFast" time="0.0" classname="ua.av.sanndboxav.PrimeTests"/>
  <testcase name="testPrimeLong" time="0.0" classname="ua.av.sanndboxav.PrimeTests">
    <ignored/>
  </testcase> <!-- testPrimeLong -->
</testsuite> <!-- sandboxAV -->
