<?xml version="1.0" encoding="UTF-8"?>
<!-- Generated by org.testng.reporters.JUnitXMLReporter -->
<testsuite hostname="uaannav" ignored="0" name="sandboxAV" tests="3" failures="0" timestamp="18 дек 2018 22:42:29 GMT" time="3.235" errors="0">
  <testcase name="testCreateIssue" time="2.702" classname="ua.annav.mantis.Tests.SoapTests"/>
  <testcase name="testGetProjects" time="0.232" classname="ua.annav.mantis.Tests.SoapTests"/>
  <testcase name="testIssueStatus" time="0.268" classname="ua.annav.mantis.Tests.SoapTests"/>
</testsuite> <!-- sandboxAV -->
