<?xml version="1.0" encoding="UTF-8"?>
<testng-results skipped="0" failed="0" ignored="1" total="2" passed="1">
  <reporter-output>
  </reporter-output>
  <suite name="Default Suite" duration-ms="1894" started-at="2018-12-18T22:45:27Z" finished-at="2018-12-18T22:45:29Z">
    <groups>
    </groups>
    <test name="sandboxAV" duration-ms="1894" started-at="2018-12-18T22:45:27Z" finished-at="2018-12-18T22:45:29Z">
      <class name="ua.annav.rest.RestTests">
        <test-method status="PASS" signature="testCreateIssue()[pri:0, instance:ua.annav.rest.RestTests@7e0babb1]" name="testCreateIssue" duration-ms="1830" started-at="2018-12-18T22:45:27Z" finished-at="2018-12-18T22:45:29Z">
          <reporter-output>
          </reporter-output>
        </test-method> <!-- testCreateIssue -->
      </class> <!-- ua.annav.rest.RestTests -->
    </test> <!-- sandboxAV -->
  </suite> <!-- Default Suite -->
</testng-results>
